<?xml version="1.0" encoding="UTF-8"?>
<testng-results skipped="0" failed="0" ignored="0" total="1" passed="1">
  <reporter-output>
  </reporter-output>
  <suite name="Default suite" duration-ms="35124" started-at="2019-07-08T10:26:36Z" finished-at="2019-07-08T10:27:11Z">
    <groups>
    </groups>
    <test name="Default test" duration-ms="35124" started-at="2019-07-08T10:26:36Z" finished-at="2019-07-08T10:27:11Z">
      <class name="com.training.sanity.tests.TC6_Productsearch">
        <test-method status="PASS" signature="setUpBeforeClass()[pri:0, instance:com.training.sanity.tests.TC6_Productsearch@91161c7]" name="setUpBeforeClass" is-config="true" duration-ms="245" started-at="2019-07-08T10:26:36Z" finished-at="2019-07-08T10:26:37Z">
          <reporter-output>
          </reporter-output>
        </test-method> <!-- setUpBeforeClass -->
        <test-method status="PASS" signature="setUp()[pri:0, instance:com.training.sanity.tests.TC6_Productsearch@91161c7]" name="setUp" is-config="true" duration-ms="7619" started-at="2019-07-08T10:26:37Z" finished-at="2019-07-08T10:26:44Z">
          <reporter-output>
          </reporter-output>
        </test-method> <!-- setUp -->
        <test-method status="PASS" signature="deletecategory()[pri:0, instance:com.training.sanity.tests.TC6_Productsearch@91161c7]" name="deletecategory" duration-ms="24828" started-at="2019-07-08T10:26:44Z" finished-at="2019-07-08T10:27:09Z">
          <reporter-output>
          </reporter-output>
        </test-method> <!-- deletecategory -->
        <test-method status="PASS" signature="tearDown()[pri:0, instance:com.training.sanity.tests.TC6_Productsearch@91161c7]" name="tearDown" is-config="true" duration-ms="2407" started-at="2019-07-08T10:27:09Z" finished-at="2019-07-08T10:27:11Z">
          <reporter-output>
          </reporter-output>
        </test-method> <!-- tearDown -->
      </class> <!-- com.training.sanity.tests.TC6_Productsearch -->
    </test> <!-- Default test -->
  </suite> <!-- Default suite -->
</testng-results>
